[0.080s] Invoking command in '/home/roborregos/Desktop/VSSS/vsss_ws/build/strategy': CMAKE_PREFIX_PATH=${CMAKE_PREFIX_PATH}:/home/roborregos/Desktop/VSSS/vsss_ws/install/Vision:/home/roborregos/Desktop/VSSS/vsss_ws/install/Path_Planning:/home/roborregos/ros2_foxy/install/ros2bag:/home/roborregos/ros2_foxy/install/tracetools_launch:/home/roborregos/ros2_foxy/install/topic_monitor:/home/roborregos/ros2_foxy/install/examples_tf2_py:/home/roborregos/ros2_foxy/install/sros2:/home/roborregos/ros2_foxy/install/rqt_topic:/home/roborregos/ros2_foxy/install/rqt_reconfigure:/home/roborregos/ros2_foxy/install/rqt_action:/home/roborregos/ros2_foxy/install/rqt_console:/home/roborregos/ros2_foxy/install/rqt:/home/roborregos/ros2_foxy/install/rqt_graph:/home/roborregos/ros2_foxy/install/rqt_gui_py:/home/roborregos/ros2_foxy/install/rqt_gui:/home/roborregos/ros2_foxy/install/ros2trace:/home/roborregos/ros2_foxy/install/ros2topic:/home/roborregos/ros2_foxy/install/ros2test:/home/roborregos/ros2_foxy/install/ros2component:/home/roborregos/ros2_foxy/install/ros2param:/home/roborregos/ros2_foxy/install/ros2lifecycle:/home/roborregos/ros2_foxy/install/ros2service:/home/roborregos/ros2_foxy/install/ros2run:/home/roborregos/ros2_foxy/install/ros2launch:/home/roborregos/ros2_foxy/install/ros2pkg:/home/roborregos/ros2_foxy/install/ros2node:/home/roborregos/ros2_foxy/install/ros2multicast:/home/roborregos/ros2_foxy/install/ros2interface:/home/roborregos/ros2_foxy/install/ros2doctor:/home/roborregos/ros2_foxy/install/ros2action:/home/roborregos/ros2_foxy/install/ros2cli:/home/roborregos/ros2_foxy/install/quality_of_service_demo_py:/home/roborregos/ros2_foxy/install/launch_testing_ros:/home/roborregos/ros2_foxy/install/launch_ros:/home/roborregos/ros2_foxy/install/examples_rclpy_minimal_subscriber:/home/roborregos/ros2_foxy/install/examples_rclpy_minimal_service:/home/roborregos/ros2_foxy/install/examples_rclpy_minimal_publisher:/home/roborregos/ros2_foxy/install/examples_rclpy_minimal_client:/home/roborregos/ros2_foxy/install/examples_rclpy_minimal_action_server:/home/roborregos/ros2_foxy/install/examples_rclpy_minimal_action_client:/home/roborregos/ros2_foxy/install/examples_rclpy_executors:/home/roborregos/ros2_foxy/install/demo_nodes_py:/home/roborregos/ros2_foxy/install/action_tutorials_py:/home/roborregos/ros2_foxy/install/ament_uncrustify:/home/roborregos/ros2_foxy/install/tracetools_trace:/home/roborregos/ros2_foxy/install/tracetools_read:/home/roborregos/ros2_foxy/install/test_launch_ros:/home/roborregos/ros2_foxy/install/rpyutils:/home/roborregos/ros2_foxy/install/rosidl_runtime_py:/home/roborregos/ros2_foxy/install/launch_yaml:/home/roborregos/ros2_foxy/install/launch_xml:/home/roborregos/ros2_foxy/install/launch_testing:/home/roborregos/ros2_foxy/install/launch:/home/roborregos/ros2_foxy/install/osrf_pycommon:/home/roborregos/ros2_foxy/install/domain_coordinator:/home/roborregos/ros2_foxy/install/ament_xmllint:/home/roborregos/ros2_foxy/install/ament_pyflakes:/home/roborregos/ros2_foxy/install/ament_pycodestyle:/home/roborregos/ros2_foxy/install/ament_pep257:/home/roborregos/ros2_foxy/install/ament_pclint:/home/roborregos/ros2_foxy/install/ament_package:/home/roborregos/ros2_foxy/install/ament_mypy:/home/roborregos/ros2_foxy/install/ament_lint_cmake:/home/roborregos/ros2_foxy/install/ament_flake8:/home/roborregos/ros2_foxy/install/ament_copyright:/home/roborregos/ros2_foxy/install/ament_lint:/home/roborregos/ros2_foxy/install/ament_index_python:/home/roborregos/ros2_foxy/install/ament_cpplint:/home/roborregos/ros2_foxy/install/ament_cppcheck:/home/roborregos/ros2_foxy/install/ament_clang_tidy:/home/roborregos/ros2_foxy/install/ament_clang_format /usr/bin/cmake /home/roborregos/Desktop/VSSS/vsss_ws/src/strategy -DAMENT_CMAKE_SYMLINK_INSTALL=1 -DCMAKE_INSTALL_PREFIX=/home/roborregos/Desktop/VSSS/vsss_ws/install/strategy
[0.223s] -- The C compiler identification is GNU 9.3.0
[0.457s] -- The CXX compiler identification is GNU 9.3.0
[0.495s] -- Check for working C compiler: /usr/bin/cc
[0.686s] -- Check for working C compiler: /usr/bin/cc -- works
[0.687s] -- Detecting C compiler ABI info
[0.876s] -- Detecting C compiler ABI info - done
[0.903s] -- Detecting C compile features
[0.904s] -- Detecting C compile features - done
[0.909s] -- Check for working CXX compiler: /usr/bin/c++
[1.114s] -- Check for working CXX compiler: /usr/bin/c++ -- works
[1.117s] -- Detecting CXX compiler ABI info
[1.330s] -- Detecting CXX compiler ABI info - done
[1.351s] -- Detecting CXX compile features
[1.353s] -- Detecting CXX compile features - done
[1.373s] -- Found ament_cmake: 0.9.8 (/home/roborregos/ros2_foxy/install/ament_cmake/share/ament_cmake/cmake)
[1.906s] -- Found PythonInterp: /usr/bin/python3 (found suitable version "3.8.5", minimum required is "3") 
[1.907s] -- Using PYTHON_EXECUTABLE: /usr/bin/python3
[2.740s] -- Override CMake install command with custom implementation using symlinks instead of copying resources
[3.112s] -- Found ament_lint_auto: 0.9.6 (/home/roborregos/ros2_foxy/install/ament_lint_auto/share/ament_lint_auto/cmake)
[3.954s] -- Added test 'copyright' to check source files copyright and LICENSE
[3.960s] -- Added test 'lint_cmake' to check CMake code style
[3.966s] -- Added test 'xmllint' to check XML markup files
[3.975s] -- Configuring done
[3.977s] -- Generating done
[3.978s] -- Build files have been written to: /home/roborregos/Desktop/VSSS/vsss_ws/build/strategy
