[0.248s] DEBUG:colcon:Command line arguments: ['/usr/bin/colcon', 'build', '--symlink-install']
[0.249s] DEBUG:colcon:Parsed command line arguments: Namespace(ament_cmake_args=None, base_paths=['.'], build_base='build', catkin_cmake_args=None, catkin_skip_building_tests=False, cmake_args=None, cmake_clean_cache=False, cmake_clean_first=False, cmake_force_configure=False, cmake_target=None, cmake_target_skip_unavailable=False, continue_on_error=False, event_handlers=None, executor='parallel', ignore_user_meta=False, install_base='install', log_base=None, log_level=None, main=<bound method BuildVerb.main of <colcon_core.verb.build.BuildVerb object at 0x7fadffb93340>>, merge_install=False, metas=['./colcon.meta'], packages_above=None, packages_above_and_dependencies=None, packages_above_depth=None, packages_end=None, packages_ignore=None, packages_ignore_regex=None, packages_select=None, packages_select_build_failed=False, packages_select_by_dep=None, packages_select_regex=None, packages_select_test_failures=False, packages_skip=None, packages_skip_build_finished=False, packages_skip_by_dep=None, packages_skip_regex=None, packages_skip_test_passed=False, packages_skip_up_to=None, packages_start=None, packages_up_to=None, packages_up_to_regex=None, parallel_workers=8, paths=None, symlink_install=True, test_result_base=None, verb_extension=<colcon_core.verb.build.BuildVerb object at 0x7fadffb93340>, verb_name='build', verb_parser=<colcon_defaults.argument_parser.defaults.DefaultArgumentsDecorator object at 0x7fadffb93880>)
[0.259s] Level 1:colcon.colcon_core.package_discovery:discover_packages(colcon_meta) check parameters
[0.259s] Level 1:colcon.colcon_core.package_discovery:discover_packages(recursive) check parameters
[0.259s] Level 1:colcon.colcon_core.package_discovery:discover_packages(ignore) check parameters
[0.259s] Level 1:colcon.colcon_core.package_discovery:discover_packages(path) check parameters
[0.259s] Level 1:colcon.colcon_core.package_discovery:discover_packages(colcon_meta) discover
[0.259s] Level 1:colcon.colcon_core.package_discovery:discover_packages(recursive) discover
[0.259s] INFO:colcon.colcon_core.package_discovery:Crawling recursively for packages in '/home/roborregos/Desktop/VSSS/vsss_ws'
[0.259s] Level 1:colcon.colcon_core.package_identification:_identify(.) by extensions ['ignore', 'ignore_ament_install']
[0.260s] Level 1:colcon.colcon_core.package_identification:_identify(.) by extension 'ignore'
[0.260s] Level 1:colcon.colcon_core.package_identification:_identify(.) by extension 'ignore_ament_install'
[0.260s] Level 1:colcon.colcon_core.package_identification:_identify(.) by extensions ['colcon_pkg']
[0.260s] Level 1:colcon.colcon_core.package_identification:_identify(.) by extension 'colcon_pkg'
[0.260s] Level 1:colcon.colcon_core.package_identification:_identify(.) by extensions ['colcon_meta']
[0.260s] Level 1:colcon.colcon_core.package_identification:_identify(.) by extension 'colcon_meta'
[0.260s] Level 1:colcon.colcon_core.package_identification:_identify(.) by extensions ['ros']
[0.260s] Level 1:colcon.colcon_core.package_identification:_identify(.) by extension 'ros'
[0.272s] Level 1:colcon.colcon_core.package_identification:_identify(.) by extensions ['cmake', 'python']
[0.272s] Level 1:colcon.colcon_core.package_identification:_identify(.) by extension 'cmake'
[0.272s] Level 1:colcon.colcon_core.package_identification:_identify(.) by extension 'python'
[0.272s] Level 1:colcon.colcon_core.package_identification:_identify(.) by extensions ['python_setup_py']
[0.272s] Level 1:colcon.colcon_core.package_identification:_identify(.) by extension 'python_setup_py'
[0.272s] Level 1:colcon.colcon_core.package_identification:_identify(build) by extensions ['ignore', 'ignore_ament_install']
[0.272s] Level 1:colcon.colcon_core.package_identification:_identify(build) by extension 'ignore'
[0.272s] Level 1:colcon.colcon_core.package_identification:_identify(build) ignored
[0.273s] Level 1:colcon.colcon_core.package_identification:_identify(install) by extensions ['ignore', 'ignore_ament_install']
[0.273s] Level 1:colcon.colcon_core.package_identification:_identify(install) by extension 'ignore'
[0.273s] Level 1:colcon.colcon_core.package_identification:_identify(install) ignored
[0.273s] Level 1:colcon.colcon_core.package_identification:_identify(log) by extensions ['ignore', 'ignore_ament_install']
[0.273s] Level 1:colcon.colcon_core.package_identification:_identify(log) by extension 'ignore'
[0.273s] Level 1:colcon.colcon_core.package_identification:_identify(log) ignored
[0.273s] Level 1:colcon.colcon_core.package_identification:_identify(src) by extensions ['ignore', 'ignore_ament_install']
[0.273s] Level 1:colcon.colcon_core.package_identification:_identify(src) by extension 'ignore'
[0.273s] Level 1:colcon.colcon_core.package_identification:_identify(src) by extension 'ignore_ament_install'
[0.273s] Level 1:colcon.colcon_core.package_identification:_identify(src) by extensions ['colcon_pkg']
[0.273s] Level 1:colcon.colcon_core.package_identification:_identify(src) by extension 'colcon_pkg'
[0.273s] Level 1:colcon.colcon_core.package_identification:_identify(src) by extensions ['colcon_meta']
[0.273s] Level 1:colcon.colcon_core.package_identification:_identify(src) by extension 'colcon_meta'
[0.273s] Level 1:colcon.colcon_core.package_identification:_identify(src) by extensions ['ros']
[0.273s] Level 1:colcon.colcon_core.package_identification:_identify(src) by extension 'ros'
[0.273s] Level 1:colcon.colcon_core.package_identification:_identify(src) by extensions ['cmake', 'python']
[0.273s] Level 1:colcon.colcon_core.package_identification:_identify(src) by extension 'cmake'
[0.274s] Level 1:colcon.colcon_core.package_identification:_identify(src) by extension 'python'
[0.274s] Level 1:colcon.colcon_core.package_identification:_identify(src) by extensions ['python_setup_py']
[0.274s] Level 1:colcon.colcon_core.package_identification:_identify(src) by extension 'python_setup_py'
[0.274s] Level 1:colcon.colcon_core.package_identification:_identify(src/control) by extensions ['ignore', 'ignore_ament_install']
[0.274s] Level 1:colcon.colcon_core.package_identification:_identify(src/control) by extension 'ignore'
[0.274s] Level 1:colcon.colcon_core.package_identification:_identify(src/control) by extension 'ignore_ament_install'
[0.274s] Level 1:colcon.colcon_core.package_identification:_identify(src/control) by extensions ['colcon_pkg']
[0.274s] Level 1:colcon.colcon_core.package_identification:_identify(src/control) by extension 'colcon_pkg'
[0.274s] Level 1:colcon.colcon_core.package_identification:_identify(src/control) by extensions ['colcon_meta']
[0.274s] Level 1:colcon.colcon_core.package_identification:_identify(src/control) by extension 'colcon_meta'
[0.274s] Level 1:colcon.colcon_core.package_identification:_identify(src/control) by extensions ['ros']
[0.274s] Level 1:colcon.colcon_core.package_identification:_identify(src/control) by extension 'ros'
[0.276s] DEBUG:colcon.colcon_core.package_identification:Package 'src/control' with type 'ros.ament_cmake' and name 'control'
[0.276s] Level 1:colcon.colcon_core.package_identification:_identify(src/integration) by extensions ['ignore', 'ignore_ament_install']
[0.276s] Level 1:colcon.colcon_core.package_identification:_identify(src/integration) by extension 'ignore'
[0.276s] Level 1:colcon.colcon_core.package_identification:_identify(src/integration) by extension 'ignore_ament_install'
[0.276s] Level 1:colcon.colcon_core.package_identification:_identify(src/integration) by extensions ['colcon_pkg']
[0.276s] Level 1:colcon.colcon_core.package_identification:_identify(src/integration) by extension 'colcon_pkg'
[0.276s] Level 1:colcon.colcon_core.package_identification:_identify(src/integration) by extensions ['colcon_meta']
[0.277s] Level 1:colcon.colcon_core.package_identification:_identify(src/integration) by extension 'colcon_meta'
[0.277s] Level 1:colcon.colcon_core.package_identification:_identify(src/integration) by extensions ['ros']
[0.277s] Level 1:colcon.colcon_core.package_identification:_identify(src/integration) by extension 'ros'
[0.277s] DEBUG:colcon.colcon_core.package_identification:Package 'src/integration' with type 'ros.ament_cmake' and name 'integration'
[0.277s] Level 1:colcon.colcon_core.package_identification:_identify(src/path_planning) by extensions ['ignore', 'ignore_ament_install']
[0.277s] Level 1:colcon.colcon_core.package_identification:_identify(src/path_planning) by extension 'ignore'
[0.277s] Level 1:colcon.colcon_core.package_identification:_identify(src/path_planning) by extension 'ignore_ament_install'
[0.277s] Level 1:colcon.colcon_core.package_identification:_identify(src/path_planning) by extensions ['colcon_pkg']
[0.278s] Level 1:colcon.colcon_core.package_identification:_identify(src/path_planning) by extension 'colcon_pkg'
[0.278s] Level 1:colcon.colcon_core.package_identification:_identify(src/path_planning) by extensions ['colcon_meta']
[0.278s] Level 1:colcon.colcon_core.package_identification:_identify(src/path_planning) by extension 'colcon_meta'
[0.278s] Level 1:colcon.colcon_core.package_identification:_identify(src/path_planning) by extensions ['ros']
[0.278s] Level 1:colcon.colcon_core.package_identification:_identify(src/path_planning) by extension 'ros'
[0.278s] DEBUG:colcon.colcon_core.package_identification:Package 'src/path_planning' with type 'ros.ament_cmake' and name 'path_planning'
[0.278s] Level 1:colcon.colcon_core.package_identification:_identify(src/strategy) by extensions ['ignore', 'ignore_ament_install']
[0.278s] Level 1:colcon.colcon_core.package_identification:_identify(src/strategy) by extension 'ignore'
[0.278s] Level 1:colcon.colcon_core.package_identification:_identify(src/strategy) by extension 'ignore_ament_install'
[0.278s] Level 1:colcon.colcon_core.package_identification:_identify(src/strategy) by extensions ['colcon_pkg']
[0.278s] Level 1:colcon.colcon_core.package_identification:_identify(src/strategy) by extension 'colcon_pkg'
[0.278s] Level 1:colcon.colcon_core.package_identification:_identify(src/strategy) by extensions ['colcon_meta']
[0.278s] Level 1:colcon.colcon_core.package_identification:_identify(src/strategy) by extension 'colcon_meta'
[0.279s] Level 1:colcon.colcon_core.package_identification:_identify(src/strategy) by extensions ['ros']
[0.279s] Level 1:colcon.colcon_core.package_identification:_identify(src/strategy) by extension 'ros'
[0.279s] DEBUG:colcon.colcon_core.package_identification:Package 'src/strategy' with type 'ros.ament_cmake' and name 'strategy'
[0.279s] Level 1:colcon.colcon_core.package_identification:_identify(src/vision) by extensions ['ignore', 'ignore_ament_install']
[0.279s] Level 1:colcon.colcon_core.package_identification:_identify(src/vision) by extension 'ignore'
[0.279s] Level 1:colcon.colcon_core.package_identification:_identify(src/vision) by extension 'ignore_ament_install'
[0.279s] Level 1:colcon.colcon_core.package_identification:_identify(src/vision) by extensions ['colcon_pkg']
[0.279s] Level 1:colcon.colcon_core.package_identification:_identify(src/vision) by extension 'colcon_pkg'
[0.279s] Level 1:colcon.colcon_core.package_identification:_identify(src/vision) by extensions ['colcon_meta']
[0.279s] Level 1:colcon.colcon_core.package_identification:_identify(src/vision) by extension 'colcon_meta'
[0.279s] Level 1:colcon.colcon_core.package_identification:_identify(src/vision) by extensions ['ros']
[0.279s] Level 1:colcon.colcon_core.package_identification:_identify(src/vision) by extension 'ros'
[0.280s] DEBUG:colcon.colcon_core.package_identification:Package 'src/vision' with type 'ros.ament_python' and name 'vision'
[0.280s] Level 1:colcon.colcon_core.package_discovery:discover_packages(recursive) using defaults
[0.280s] Level 1:colcon.colcon_core.package_discovery:discover_packages(ignore) discover
[0.280s] Level 1:colcon.colcon_core.package_discovery:discover_packages(ignore) using defaults
[0.280s] Level 1:colcon.colcon_core.package_discovery:discover_packages(path) discover
[0.280s] Level 1:colcon.colcon_core.package_discovery:discover_packages(path) using defaults
[0.315s] Level 5:colcon.colcon_core.verb:set package 'control' build argument 'cmake_args' from command line to 'None'
[0.315s] Level 5:colcon.colcon_core.verb:set package 'control' build argument 'cmake_target' from command line to 'None'
[0.315s] Level 5:colcon.colcon_core.verb:set package 'control' build argument 'cmake_target_skip_unavailable' from command line to 'False'
[0.315s] Level 5:colcon.colcon_core.verb:set package 'control' build argument 'cmake_clean_cache' from command line to 'False'
[0.315s] Level 5:colcon.colcon_core.verb:set package 'control' build argument 'cmake_clean_first' from command line to 'False'
[0.315s] Level 5:colcon.colcon_core.verb:set package 'control' build argument 'cmake_force_configure' from command line to 'False'
[0.315s] Level 5:colcon.colcon_core.verb:set package 'control' build argument 'ament_cmake_args' from command line to 'None'
[0.316s] Level 5:colcon.colcon_core.verb:set package 'control' build argument 'catkin_cmake_args' from command line to 'None'
[0.316s] Level 5:colcon.colcon_core.verb:set package 'control' build argument 'catkin_skip_building_tests' from command line to 'False'
[0.316s] DEBUG:colcon.colcon_core.verb:Building package 'control' with the following arguments: {'ament_cmake_args': None, 'build_base': '/home/roborregos/Desktop/VSSS/vsss_ws/build/control', 'catkin_cmake_args': None, 'catkin_skip_building_tests': False, 'cmake_args': None, 'cmake_clean_cache': False, 'cmake_clean_first': False, 'cmake_force_configure': False, 'cmake_target': None, 'cmake_target_skip_unavailable': False, 'install_base': '/home/roborregos/Desktop/VSSS/vsss_ws/install/control', 'merge_install': False, 'path': '/home/roborregos/Desktop/VSSS/vsss_ws/src/control', 'symlink_install': True, 'test_result_base': None}
[0.319s] Level 5:colcon.colcon_core.verb:set package 'integration' build argument 'cmake_args' from command line to 'None'
[0.320s] Level 5:colcon.colcon_core.verb:set package 'integration' build argument 'cmake_target' from command line to 'None'
[0.320s] Level 5:colcon.colcon_core.verb:set package 'integration' build argument 'cmake_target_skip_unavailable' from command line to 'False'
[0.320s] Level 5:colcon.colcon_core.verb:set package 'integration' build argument 'cmake_clean_cache' from command line to 'False'
[0.320s] Level 5:colcon.colcon_core.verb:set package 'integration' build argument 'cmake_clean_first' from command line to 'False'
[0.320s] Level 5:colcon.colcon_core.verb:set package 'integration' build argument 'cmake_force_configure' from command line to 'False'
[0.320s] Level 5:colcon.colcon_core.verb:set package 'integration' build argument 'ament_cmake_args' from command line to 'None'
[0.320s] Level 5:colcon.colcon_core.verb:set package 'integration' build argument 'catkin_cmake_args' from command line to 'None'
[0.320s] Level 5:colcon.colcon_core.verb:set package 'integration' build argument 'catkin_skip_building_tests' from command line to 'False'
[0.320s] DEBUG:colcon.colcon_core.verb:Building package 'integration' with the following arguments: {'ament_cmake_args': None, 'build_base': '/home/roborregos/Desktop/VSSS/vsss_ws/build/integration', 'catkin_cmake_args': None, 'catkin_skip_building_tests': False, 'cmake_args': None, 'cmake_clean_cache': False, 'cmake_clean_first': False, 'cmake_force_configure': False, 'cmake_target': None, 'cmake_target_skip_unavailable': False, 'install_base': '/home/roborregos/Desktop/VSSS/vsss_ws/install/integration', 'merge_install': False, 'path': '/home/roborregos/Desktop/VSSS/vsss_ws/src/integration', 'symlink_install': True, 'test_result_base': None}
[0.324s] Level 5:colcon.colcon_core.verb:set package 'path_planning' build argument 'cmake_args' from command line to 'None'
[0.324s] Level 5:colcon.colcon_core.verb:set package 'path_planning' build argument 'cmake_target' from command line to 'None'
[0.324s] Level 5:colcon.colcon_core.verb:set package 'path_planning' build argument 'cmake_target_skip_unavailable' from command line to 'False'
[0.324s] Level 5:colcon.colcon_core.verb:set package 'path_planning' build argument 'cmake_clean_cache' from command line to 'False'
[0.324s] Level 5:colcon.colcon_core.verb:set package 'path_planning' build argument 'cmake_clean_first' from command line to 'False'
[0.324s] Level 5:colcon.colcon_core.verb:set package 'path_planning' build argument 'cmake_force_configure' from command line to 'False'
[0.324s] Level 5:colcon.colcon_core.verb:set package 'path_planning' build argument 'ament_cmake_args' from command line to 'None'
[0.324s] Level 5:colcon.colcon_core.verb:set package 'path_planning' build argument 'catkin_cmake_args' from command line to 'None'
[0.324s] Level 5:colcon.colcon_core.verb:set package 'path_planning' build argument 'catkin_skip_building_tests' from command line to 'False'
[0.324s] DEBUG:colcon.colcon_core.verb:Building package 'path_planning' with the following arguments: {'ament_cmake_args': None, 'build_base': '/home/roborregos/Desktop/VSSS/vsss_ws/build/path_planning', 'catkin_cmake_args': None, 'catkin_skip_building_tests': False, 'cmake_args': None, 'cmake_clean_cache': False, 'cmake_clean_first': False, 'cmake_force_configure': False, 'cmake_target': None, 'cmake_target_skip_unavailable': False, 'install_base': '/home/roborregos/Desktop/VSSS/vsss_ws/install/path_planning', 'merge_install': False, 'path': '/home/roborregos/Desktop/VSSS/vsss_ws/src/path_planning', 'symlink_install': True, 'test_result_base': None}
[0.328s] Level 5:colcon.colcon_core.verb:set package 'strategy' build argument 'cmake_args' from command line to 'None'
[0.328s] Level 5:colcon.colcon_core.verb:set package 'strategy' build argument 'cmake_target' from command line to 'None'
[0.328s] Level 5:colcon.colcon_core.verb:set package 'strategy' build argument 'cmake_target_skip_unavailable' from command line to 'False'
[0.328s] Level 5:colcon.colcon_core.verb:set package 'strategy' build argument 'cmake_clean_cache' from command line to 'False'
[0.328s] Level 5:colcon.colcon_core.verb:set package 'strategy' build argument 'cmake_clean_first' from command line to 'False'
[0.328s] Level 5:colcon.colcon_core.verb:set package 'strategy' build argument 'cmake_force_configure' from command line to 'False'
[0.328s] Level 5:colcon.colcon_core.verb:set package 'strategy' build argument 'ament_cmake_args' from command line to 'None'
[0.328s] Level 5:colcon.colcon_core.verb:set package 'strategy' build argument 'catkin_cmake_args' from command line to 'None'
[0.328s] Level 5:colcon.colcon_core.verb:set package 'strategy' build argument 'catkin_skip_building_tests' from command line to 'False'
[0.328s] DEBUG:colcon.colcon_core.verb:Building package 'strategy' with the following arguments: {'ament_cmake_args': None, 'build_base': '/home/roborregos/Desktop/VSSS/vsss_ws/build/strategy', 'catkin_cmake_args': None, 'catkin_skip_building_tests': False, 'cmake_args': None, 'cmake_clean_cache': False, 'cmake_clean_first': False, 'cmake_force_configure': False, 'cmake_target': None, 'cmake_target_skip_unavailable': False, 'install_base': '/home/roborregos/Desktop/VSSS/vsss_ws/install/strategy', 'merge_install': False, 'path': '/home/roborregos/Desktop/VSSS/vsss_ws/src/strategy', 'symlink_install': True, 'test_result_base': None}
[0.332s] Level 5:colcon.colcon_core.verb:set package 'vision' build argument 'cmake_args' from command line to 'None'
[0.332s] Level 5:colcon.colcon_core.verb:set package 'vision' build argument 'cmake_target' from command line to 'None'
[0.332s] Level 5:colcon.colcon_core.verb:set package 'vision' build argument 'cmake_target_skip_unavailable' from command line to 'False'
[0.332s] Level 5:colcon.colcon_core.verb:set package 'vision' build argument 'cmake_clean_cache' from command line to 'False'
[0.332s] Level 5:colcon.colcon_core.verb:set package 'vision' build argument 'cmake_clean_first' from command line to 'False'
[0.332s] Level 5:colcon.colcon_core.verb:set package 'vision' build argument 'cmake_force_configure' from command line to 'False'
[0.332s] Level 5:colcon.colcon_core.verb:set package 'vision' build argument 'ament_cmake_args' from command line to 'None'
[0.332s] Level 5:colcon.colcon_core.verb:set package 'vision' build argument 'catkin_cmake_args' from command line to 'None'
[0.332s] Level 5:colcon.colcon_core.verb:set package 'vision' build argument 'catkin_skip_building_tests' from command line to 'False'
[0.332s] DEBUG:colcon.colcon_core.verb:Building package 'vision' with the following arguments: {'ament_cmake_args': None, 'build_base': '/home/roborregos/Desktop/VSSS/vsss_ws/build/vision', 'catkin_cmake_args': None, 'catkin_skip_building_tests': False, 'cmake_args': None, 'cmake_clean_cache': False, 'cmake_clean_first': False, 'cmake_force_configure': False, 'cmake_target': None, 'cmake_target_skip_unavailable': False, 'install_base': '/home/roborregos/Desktop/VSSS/vsss_ws/install/vision', 'merge_install': False, 'path': '/home/roborregos/Desktop/VSSS/vsss_ws/src/vision', 'symlink_install': True, 'test_result_base': None}
[0.333s] INFO:colcon.colcon_core.executor:Executing jobs using 'parallel' executor
[0.335s] DEBUG:colcon.colcon_parallel_executor.executor.parallel:run_until_complete
[0.335s] INFO:colcon.colcon_ros.task.ament_cmake.build:Building ROS package in '/home/roborregos/Desktop/VSSS/vsss_ws/src/control' with build type 'ament_cmake'
[0.336s] INFO:colcon.colcon_cmake.task.cmake.build:Building CMake package in '/home/roborregos/Desktop/VSSS/vsss_ws/src/control'
[0.342s] INFO:colcon.colcon_core.plugin_system:Skipping extension 'colcon_core.shell.bat': Not used on non-Windows systems
[0.342s] INFO:colcon.colcon_core.shell:Skip shell extension 'powershell' for command environment: Not usable outside of PowerShell
[0.342s] DEBUG:colcon.colcon_core.shell:Skip shell extension 'dsv' for command environment
[0.345s] WARNING:colcon.colcon_ros.prefix_path.ament:The path '/home/roborregos/Desktop/VSSS/vsss_ws/install/Vision' in the environment variable AMENT_PREFIX_PATH doesn't exist
[0.345s] WARNING:colcon.colcon_ros.prefix_path.ament:The path '/home/roborregos/Desktop/VSSS/vsss_ws/install/Strategy' in the environment variable AMENT_PREFIX_PATH doesn't exist
[0.345s] WARNING:colcon.colcon_ros.prefix_path.ament:The path '/home/roborregos/Desktop/VSSS/vsss_ws/install/Path_Planning' in the environment variable AMENT_PREFIX_PATH doesn't exist
[0.345s] WARNING:colcon.colcon_ros.prefix_path.ament:The path '/home/roborregos/Desktop/VSSS/vsss_ws/install/Integration' in the environment variable AMENT_PREFIX_PATH doesn't exist
[0.345s] WARNING:colcon.colcon_ros.prefix_path.ament:The path '/home/roborregos/Desktop/VSSS/vsss_ws/install/Control' in the environment variable AMENT_PREFIX_PATH doesn't exist
[0.353s] WARNING:colcon.colcon_ros.prefix_path.catkin:The path '/home/roborregos/Desktop/VSSS/vsss_ws/install/Strategy' in the environment variable CMAKE_PREFIX_PATH doesn't exist
[0.353s] WARNING:colcon.colcon_ros.prefix_path.catkin:The path '/home/roborregos/Desktop/VSSS/vsss_ws/install/Integration' in the environment variable CMAKE_PREFIX_PATH doesn't exist
[0.353s] WARNING:colcon.colcon_ros.prefix_path.catkin:The path '/home/roborregos/Desktop/VSSS/vsss_ws/install/Control' in the environment variable CMAKE_PREFIX_PATH doesn't exist
[0.365s] INFO:colcon.colcon_ros.task.ament_cmake.build:Building ROS package in '/home/roborregos/Desktop/VSSS/vsss_ws/src/integration' with build type 'ament_cmake'
[0.365s] INFO:colcon.colcon_cmake.task.cmake.build:Building CMake package in '/home/roborregos/Desktop/VSSS/vsss_ws/src/integration'
[0.367s] INFO:colcon.colcon_core.shell:Skip shell extension 'powershell' for command environment: Not usable outside of PowerShell
[0.367s] DEBUG:colcon.colcon_core.shell:Skip shell extension 'dsv' for command environment
[0.387s] INFO:colcon.colcon_ros.task.ament_cmake.build:Building ROS package in '/home/roborregos/Desktop/VSSS/vsss_ws/src/path_planning' with build type 'ament_cmake'
[0.388s] INFO:colcon.colcon_cmake.task.cmake.build:Building CMake package in '/home/roborregos/Desktop/VSSS/vsss_ws/src/path_planning'
[0.389s] INFO:colcon.colcon_core.shell:Skip shell extension 'powershell' for command environment: Not usable outside of PowerShell
[0.389s] DEBUG:colcon.colcon_core.shell:Skip shell extension 'dsv' for command environment
[0.411s] INFO:colcon.colcon_ros.task.ament_cmake.build:Building ROS package in '/home/roborregos/Desktop/VSSS/vsss_ws/src/strategy' with build type 'ament_cmake'
[0.411s] INFO:colcon.colcon_cmake.task.cmake.build:Building CMake package in '/home/roborregos/Desktop/VSSS/vsss_ws/src/strategy'
[0.412s] INFO:colcon.colcon_core.shell:Skip shell extension 'powershell' for command environment: Not usable outside of PowerShell
[0.412s] DEBUG:colcon.colcon_core.shell:Skip shell extension 'dsv' for command environment
[0.433s] INFO:colcon.colcon_ros.task.ament_python.build:Building ROS package in '/home/roborregos/Desktop/VSSS/vsss_ws/src/vision' with build type 'ament_python'
[0.434s] Level 1:colcon.colcon_core.shell:create_environment_hook('vision', 'ament_prefix_path')
[0.435s] INFO:colcon.colcon_core.shell:Creating environment hook '/home/roborregos/Desktop/VSSS/vsss_ws/install/vision/share/vision/hook/ament_prefix_path.ps1'
[0.436s] INFO:colcon.colcon_core.shell:Creating environment descriptor '/home/roborregos/Desktop/VSSS/vsss_ws/install/vision/share/vision/hook/ament_prefix_path.dsv'
[0.436s] INFO:colcon.colcon_core.shell:Creating environment hook '/home/roborregos/Desktop/VSSS/vsss_ws/install/vision/share/vision/hook/ament_prefix_path.sh'
[0.437s] INFO:colcon.colcon_core.shell:Skip shell extension 'powershell' for command environment: Not usable outside of PowerShell
[0.438s] DEBUG:colcon.colcon_core.shell:Skip shell extension 'dsv' for command environment
[0.465s] DEBUG:colcon.colcon_core.event_handler.log_command:Invoking command in '/home/roborregos/Desktop/VSSS/vsss_ws/build/control': CMAKE_PREFIX_PATH=${CMAKE_PREFIX_PATH}:/home/roborregos/Desktop/VSSS/vsss_ws/install/Vision:/home/roborregos/Desktop/VSSS/vsss_ws/install/Path_Planning:/home/roborregos/ros2_foxy/install/ros2bag:/home/roborregos/ros2_foxy/install/tracetools_launch:/home/roborregos/ros2_foxy/install/topic_monitor:/home/roborregos/ros2_foxy/install/examples_tf2_py:/home/roborregos/ros2_foxy/install/sros2:/home/roborregos/ros2_foxy/install/rqt_topic:/home/roborregos/ros2_foxy/install/rqt_reconfigure:/home/roborregos/ros2_foxy/install/rqt_action:/home/roborregos/ros2_foxy/install/rqt_console:/home/roborregos/ros2_foxy/install/rqt:/home/roborregos/ros2_foxy/install/rqt_graph:/home/roborregos/ros2_foxy/install/rqt_gui_py:/home/roborregos/ros2_foxy/install/rqt_gui:/home/roborregos/ros2_foxy/install/ros2trace:/home/roborregos/ros2_foxy/install/ros2topic:/home/roborregos/ros2_foxy/install/ros2test:/home/roborregos/ros2_foxy/install/ros2component:/home/roborregos/ros2_foxy/install/ros2param:/home/roborregos/ros2_foxy/install/ros2lifecycle:/home/roborregos/ros2_foxy/install/ros2service:/home/roborregos/ros2_foxy/install/ros2run:/home/roborregos/ros2_foxy/install/ros2launch:/home/roborregos/ros2_foxy/install/ros2pkg:/home/roborregos/ros2_foxy/install/ros2node:/home/roborregos/ros2_foxy/install/ros2multicast:/home/roborregos/ros2_foxy/install/ros2interface:/home/roborregos/ros2_foxy/install/ros2doctor:/home/roborregos/ros2_foxy/install/ros2action:/home/roborregos/ros2_foxy/install/ros2cli:/home/roborregos/ros2_foxy/install/quality_of_service_demo_py:/home/roborregos/ros2_foxy/install/launch_testing_ros:/home/roborregos/ros2_foxy/install/launch_ros:/home/roborregos/ros2_foxy/install/examples_rclpy_minimal_subscriber:/home/roborregos/ros2_foxy/install/examples_rclpy_minimal_service:/home/roborregos/ros2_foxy/install/examples_rclpy_minimal_publisher:/home/roborregos/ros2_foxy/install/examples_rclpy_minimal_client:/home/roborregos/ros2_foxy/install/examples_rclpy_minimal_action_server:/home/roborregos/ros2_foxy/install/examples_rclpy_minimal_action_client:/home/roborregos/ros2_foxy/install/examples_rclpy_executors:/home/roborregos/ros2_foxy/install/demo_nodes_py:/home/roborregos/ros2_foxy/install/action_tutorials_py:/home/roborregos/ros2_foxy/install/ament_uncrustify:/home/roborregos/ros2_foxy/install/tracetools_trace:/home/roborregos/ros2_foxy/install/tracetools_read:/home/roborregos/ros2_foxy/install/test_launch_ros:/home/roborregos/ros2_foxy/install/rpyutils:/home/roborregos/ros2_foxy/install/rosidl_runtime_py:/home/roborregos/ros2_foxy/install/launch_yaml:/home/roborregos/ros2_foxy/install/launch_xml:/home/roborregos/ros2_foxy/install/launch_testing:/home/roborregos/ros2_foxy/install/launch:/home/roborregos/ros2_foxy/install/osrf_pycommon:/home/roborregos/ros2_foxy/install/domain_coordinator:/home/roborregos/ros2_foxy/install/ament_xmllint:/home/roborregos/ros2_foxy/install/ament_pyflakes:/home/roborregos/ros2_foxy/install/ament_pycodestyle:/home/roborregos/ros2_foxy/install/ament_pep257:/home/roborregos/ros2_foxy/install/ament_pclint:/home/roborregos/ros2_foxy/install/ament_package:/home/roborregos/ros2_foxy/install/ament_mypy:/home/roborregos/ros2_foxy/install/ament_lint_cmake:/home/roborregos/ros2_foxy/install/ament_flake8:/home/roborregos/ros2_foxy/install/ament_copyright:/home/roborregos/ros2_foxy/install/ament_lint:/home/roborregos/ros2_foxy/install/ament_index_python:/home/roborregos/ros2_foxy/install/ament_cpplint:/home/roborregos/ros2_foxy/install/ament_cppcheck:/home/roborregos/ros2_foxy/install/ament_clang_tidy:/home/roborregos/ros2_foxy/install/ament_clang_format /usr/bin/cmake /home/roborregos/Desktop/VSSS/vsss_ws/src/control -DAMENT_CMAKE_SYMLINK_INSTALL=1 -DCMAKE_INSTALL_PREFIX=/home/roborregos/Desktop/VSSS/vsss_ws/install/control
[0.478s] DEBUG:colcon.colcon_core.event_handler.log_command:Invoking command in '/home/roborregos/Desktop/VSSS/vsss_ws/build/integration': CMAKE_PREFIX_PATH=${CMAKE_PREFIX_PATH}:/home/roborregos/Desktop/VSSS/vsss_ws/install/Vision:/home/roborregos/Desktop/VSSS/vsss_ws/install/Path_Planning:/home/roborregos/ros2_foxy/install/ros2bag:/home/roborregos/ros2_foxy/install/tracetools_launch:/home/roborregos/ros2_foxy/install/topic_monitor:/home/roborregos/ros2_foxy/install/examples_tf2_py:/home/roborregos/ros2_foxy/install/sros2:/home/roborregos/ros2_foxy/install/rqt_topic:/home/roborregos/ros2_foxy/install/rqt_reconfigure:/home/roborregos/ros2_foxy/install/rqt_action:/home/roborregos/ros2_foxy/install/rqt_console:/home/roborregos/ros2_foxy/install/rqt:/home/roborregos/ros2_foxy/install/rqt_graph:/home/roborregos/ros2_foxy/install/rqt_gui_py:/home/roborregos/ros2_foxy/install/rqt_gui:/home/roborregos/ros2_foxy/install/ros2trace:/home/roborregos/ros2_foxy/install/ros2topic:/home/roborregos/ros2_foxy/install/ros2test:/home/roborregos/ros2_foxy/install/ros2component:/home/roborregos/ros2_foxy/install/ros2param:/home/roborregos/ros2_foxy/install/ros2lifecycle:/home/roborregos/ros2_foxy/install/ros2service:/home/roborregos/ros2_foxy/install/ros2run:/home/roborregos/ros2_foxy/install/ros2launch:/home/roborregos/ros2_foxy/install/ros2pkg:/home/roborregos/ros2_foxy/install/ros2node:/home/roborregos/ros2_foxy/install/ros2multicast:/home/roborregos/ros2_foxy/install/ros2interface:/home/roborregos/ros2_foxy/install/ros2doctor:/home/roborregos/ros2_foxy/install/ros2action:/home/roborregos/ros2_foxy/install/ros2cli:/home/roborregos/ros2_foxy/install/quality_of_service_demo_py:/home/roborregos/ros2_foxy/install/launch_testing_ros:/home/roborregos/ros2_foxy/install/launch_ros:/home/roborregos/ros2_foxy/install/examples_rclpy_minimal_subscriber:/home/roborregos/ros2_foxy/install/examples_rclpy_minimal_service:/home/roborregos/ros2_foxy/install/examples_rclpy_minimal_publisher:/home/roborregos/ros2_foxy/install/examples_rclpy_minimal_client:/home/roborregos/ros2_foxy/install/examples_rclpy_minimal_action_server:/home/roborregos/ros2_foxy/install/examples_rclpy_minimal_action_client:/home/roborregos/ros2_foxy/install/examples_rclpy_executors:/home/roborregos/ros2_foxy/install/demo_nodes_py:/home/roborregos/ros2_foxy/install/action_tutorials_py:/home/roborregos/ros2_foxy/install/ament_uncrustify:/home/roborregos/ros2_foxy/install/tracetools_trace:/home/roborregos/ros2_foxy/install/tracetools_read:/home/roborregos/ros2_foxy/install/test_launch_ros:/home/roborregos/ros2_foxy/install/rpyutils:/home/roborregos/ros2_foxy/install/rosidl_runtime_py:/home/roborregos/ros2_foxy/install/launch_yaml:/home/roborregos/ros2_foxy/install/launch_xml:/home/roborregos/ros2_foxy/install/launch_testing:/home/roborregos/ros2_foxy/install/launch:/home/roborregos/ros2_foxy/install/osrf_pycommon:/home/roborregos/ros2_foxy/install/domain_coordinator:/home/roborregos/ros2_foxy/install/ament_xmllint:/home/roborregos/ros2_foxy/install/ament_pyflakes:/home/roborregos/ros2_foxy/install/ament_pycodestyle:/home/roborregos/ros2_foxy/install/ament_pep257:/home/roborregos/ros2_foxy/install/ament_pclint:/home/roborregos/ros2_foxy/install/ament_package:/home/roborregos/ros2_foxy/install/ament_mypy:/home/roborregos/ros2_foxy/install/ament_lint_cmake:/home/roborregos/ros2_foxy/install/ament_flake8:/home/roborregos/ros2_foxy/install/ament_copyright:/home/roborregos/ros2_foxy/install/ament_lint:/home/roborregos/ros2_foxy/install/ament_index_python:/home/roborregos/ros2_foxy/install/ament_cpplint:/home/roborregos/ros2_foxy/install/ament_cppcheck:/home/roborregos/ros2_foxy/install/ament_clang_tidy:/home/roborregos/ros2_foxy/install/ament_clang_format /usr/bin/cmake /home/roborregos/Desktop/VSSS/vsss_ws/src/integration -DAMENT_CMAKE_SYMLINK_INSTALL=1 -DCMAKE_INSTALL_PREFIX=/home/roborregos/Desktop/VSSS/vsss_ws/install/integration
[0.484s] DEBUG:colcon.colcon_core.event_handler.log_command:Invoking command in '/home/roborregos/Desktop/VSSS/vsss_ws/build/path_planning': CMAKE_PREFIX_PATH=${CMAKE_PREFIX_PATH}:/home/roborregos/Desktop/VSSS/vsss_ws/install/Vision:/home/roborregos/Desktop/VSSS/vsss_ws/install/Path_Planning:/home/roborregos/ros2_foxy/install/ros2bag:/home/roborregos/ros2_foxy/install/tracetools_launch:/home/roborregos/ros2_foxy/install/topic_monitor:/home/roborregos/ros2_foxy/install/examples_tf2_py:/home/roborregos/ros2_foxy/install/sros2:/home/roborregos/ros2_foxy/install/rqt_topic:/home/roborregos/ros2_foxy/install/rqt_reconfigure:/home/roborregos/ros2_foxy/install/rqt_action:/home/roborregos/ros2_foxy/install/rqt_console:/home/roborregos/ros2_foxy/install/rqt:/home/roborregos/ros2_foxy/install/rqt_graph:/home/roborregos/ros2_foxy/install/rqt_gui_py:/home/roborregos/ros2_foxy/install/rqt_gui:/home/roborregos/ros2_foxy/install/ros2trace:/home/roborregos/ros2_foxy/install/ros2topic:/home/roborregos/ros2_foxy/install/ros2test:/home/roborregos/ros2_foxy/install/ros2component:/home/roborregos/ros2_foxy/install/ros2param:/home/roborregos/ros2_foxy/install/ros2lifecycle:/home/roborregos/ros2_foxy/install/ros2service:/home/roborregos/ros2_foxy/install/ros2run:/home/roborregos/ros2_foxy/install/ros2launch:/home/roborregos/ros2_foxy/install/ros2pkg:/home/roborregos/ros2_foxy/install/ros2node:/home/roborregos/ros2_foxy/install/ros2multicast:/home/roborregos/ros2_foxy/install/ros2interface:/home/roborregos/ros2_foxy/install/ros2doctor:/home/roborregos/ros2_foxy/install/ros2action:/home/roborregos/ros2_foxy/install/ros2cli:/home/roborregos/ros2_foxy/install/quality_of_service_demo_py:/home/roborregos/ros2_foxy/install/launch_testing_ros:/home/roborregos/ros2_foxy/install/launch_ros:/home/roborregos/ros2_foxy/install/examples_rclpy_minimal_subscriber:/home/roborregos/ros2_foxy/install/examples_rclpy_minimal_service:/home/roborregos/ros2_foxy/install/examples_rclpy_minimal_publisher:/home/roborregos/ros2_foxy/install/examples_rclpy_minimal_client:/home/roborregos/ros2_foxy/install/examples_rclpy_minimal_action_server:/home/roborregos/ros2_foxy/install/examples_rclpy_minimal_action_client:/home/roborregos/ros2_foxy/install/examples_rclpy_executors:/home/roborregos/ros2_foxy/install/demo_nodes_py:/home/roborregos/ros2_foxy/install/action_tutorials_py:/home/roborregos/ros2_foxy/install/ament_uncrustify:/home/roborregos/ros2_foxy/install/tracetools_trace:/home/roborregos/ros2_foxy/install/tracetools_read:/home/roborregos/ros2_foxy/install/test_launch_ros:/home/roborregos/ros2_foxy/install/rpyutils:/home/roborregos/ros2_foxy/install/rosidl_runtime_py:/home/roborregos/ros2_foxy/install/launch_yaml:/home/roborregos/ros2_foxy/install/launch_xml:/home/roborregos/ros2_foxy/install/launch_testing:/home/roborregos/ros2_foxy/install/launch:/home/roborregos/ros2_foxy/install/osrf_pycommon:/home/roborregos/ros2_foxy/install/domain_coordinator:/home/roborregos/ros2_foxy/install/ament_xmllint:/home/roborregos/ros2_foxy/install/ament_pyflakes:/home/roborregos/ros2_foxy/install/ament_pycodestyle:/home/roborregos/ros2_foxy/install/ament_pep257:/home/roborregos/ros2_foxy/install/ament_pclint:/home/roborregos/ros2_foxy/install/ament_package:/home/roborregos/ros2_foxy/install/ament_mypy:/home/roborregos/ros2_foxy/install/ament_lint_cmake:/home/roborregos/ros2_foxy/install/ament_flake8:/home/roborregos/ros2_foxy/install/ament_copyright:/home/roborregos/ros2_foxy/install/ament_lint:/home/roborregos/ros2_foxy/install/ament_index_python:/home/roborregos/ros2_foxy/install/ament_cpplint:/home/roborregos/ros2_foxy/install/ament_cppcheck:/home/roborregos/ros2_foxy/install/ament_clang_tidy:/home/roborregos/ros2_foxy/install/ament_clang_format /usr/bin/cmake /home/roborregos/Desktop/VSSS/vsss_ws/src/path_planning -DAMENT_CMAKE_SYMLINK_INSTALL=1 -DCMAKE_INSTALL_PREFIX=/home/roborregos/Desktop/VSSS/vsss_ws/install/path_planning
[0.491s] DEBUG:colcon.colcon_core.event_handler.log_command:Invoking command in '/home/roborregos/Desktop/VSSS/vsss_ws/build/strategy': CMAKE_PREFIX_PATH=${CMAKE_PREFIX_PATH}:/home/roborregos/Desktop/VSSS/vsss_ws/install/Vision:/home/roborregos/Desktop/VSSS/vsss_ws/install/Path_Planning:/home/roborregos/ros2_foxy/install/ros2bag:/home/roborregos/ros2_foxy/install/tracetools_launch:/home/roborregos/ros2_foxy/install/topic_monitor:/home/roborregos/ros2_foxy/install/examples_tf2_py:/home/roborregos/ros2_foxy/install/sros2:/home/roborregos/ros2_foxy/install/rqt_topic:/home/roborregos/ros2_foxy/install/rqt_reconfigure:/home/roborregos/ros2_foxy/install/rqt_action:/home/roborregos/ros2_foxy/install/rqt_console:/home/roborregos/ros2_foxy/install/rqt:/home/roborregos/ros2_foxy/install/rqt_graph:/home/roborregos/ros2_foxy/install/rqt_gui_py:/home/roborregos/ros2_foxy/install/rqt_gui:/home/roborregos/ros2_foxy/install/ros2trace:/home/roborregos/ros2_foxy/install/ros2topic:/home/roborregos/ros2_foxy/install/ros2test:/home/roborregos/ros2_foxy/install/ros2component:/home/roborregos/ros2_foxy/install/ros2param:/home/roborregos/ros2_foxy/install/ros2lifecycle:/home/roborregos/ros2_foxy/install/ros2service:/home/roborregos/ros2_foxy/install/ros2run:/home/roborregos/ros2_foxy/install/ros2launch:/home/roborregos/ros2_foxy/install/ros2pkg:/home/roborregos/ros2_foxy/install/ros2node:/home/roborregos/ros2_foxy/install/ros2multicast:/home/roborregos/ros2_foxy/install/ros2interface:/home/roborregos/ros2_foxy/install/ros2doctor:/home/roborregos/ros2_foxy/install/ros2action:/home/roborregos/ros2_foxy/install/ros2cli:/home/roborregos/ros2_foxy/install/quality_of_service_demo_py:/home/roborregos/ros2_foxy/install/launch_testing_ros:/home/roborregos/ros2_foxy/install/launch_ros:/home/roborregos/ros2_foxy/install/examples_rclpy_minimal_subscriber:/home/roborregos/ros2_foxy/install/examples_rclpy_minimal_service:/home/roborregos/ros2_foxy/install/examples_rclpy_minimal_publisher:/home/roborregos/ros2_foxy/install/examples_rclpy_minimal_client:/home/roborregos/ros2_foxy/install/examples_rclpy_minimal_action_server:/home/roborregos/ros2_foxy/install/examples_rclpy_minimal_action_client:/home/roborregos/ros2_foxy/install/examples_rclpy_executors:/home/roborregos/ros2_foxy/install/demo_nodes_py:/home/roborregos/ros2_foxy/install/action_tutorials_py:/home/roborregos/ros2_foxy/install/ament_uncrustify:/home/roborregos/ros2_foxy/install/tracetools_trace:/home/roborregos/ros2_foxy/install/tracetools_read:/home/roborregos/ros2_foxy/install/test_launch_ros:/home/roborregos/ros2_foxy/install/rpyutils:/home/roborregos/ros2_foxy/install/rosidl_runtime_py:/home/roborregos/ros2_foxy/install/launch_yaml:/home/roborregos/ros2_foxy/install/launch_xml:/home/roborregos/ros2_foxy/install/launch_testing:/home/roborregos/ros2_foxy/install/launch:/home/roborregos/ros2_foxy/install/osrf_pycommon:/home/roborregos/ros2_foxy/install/domain_coordinator:/home/roborregos/ros2_foxy/install/ament_xmllint:/home/roborregos/ros2_foxy/install/ament_pyflakes:/home/roborregos/ros2_foxy/install/ament_pycodestyle:/home/roborregos/ros2_foxy/install/ament_pep257:/home/roborregos/ros2_foxy/install/ament_pclint:/home/roborregos/ros2_foxy/install/ament_package:/home/roborregos/ros2_foxy/install/ament_mypy:/home/roborregos/ros2_foxy/install/ament_lint_cmake:/home/roborregos/ros2_foxy/install/ament_flake8:/home/roborregos/ros2_foxy/install/ament_copyright:/home/roborregos/ros2_foxy/install/ament_lint:/home/roborregos/ros2_foxy/install/ament_index_python:/home/roborregos/ros2_foxy/install/ament_cpplint:/home/roborregos/ros2_foxy/install/ament_cppcheck:/home/roborregos/ros2_foxy/install/ament_clang_tidy:/home/roborregos/ros2_foxy/install/ament_clang_format /usr/bin/cmake /home/roborregos/Desktop/VSSS/vsss_ws/src/strategy -DAMENT_CMAKE_SYMLINK_INSTALL=1 -DCMAKE_INSTALL_PREFIX=/home/roborregos/Desktop/VSSS/vsss_ws/install/strategy
[1.908s] INFO:colcon.colcon_core.task.python.build:Building Python package in '/home/roborregos/Desktop/VSSS/vsss_ws/src/vision'
[1.910s] INFO:colcon.colcon_core.shell:Skip shell extension 'powershell' for command environment: Not usable outside of PowerShell
[1.910s] DEBUG:colcon.colcon_core.shell:Skip shell extension 'dsv' for command environment
[1.980s] DEBUG:colcon.colcon_core.event_handler.log_command:Invoking command in '/home/roborregos/Desktop/VSSS/vsss_ws/build/vision': PYTHONPATH=/home/roborregos/Desktop/VSSS/vsss_ws/install/vision/lib/python3.8/site-packages:${PYTHONPATH} /usr/bin/python3 setup.py develop --prefix /home/roborregos/Desktop/VSSS/vsss_ws/install/vision --editable --build-directory /home/roborregos/Desktop/VSSS/vsss_ws/build/vision/build --no-deps install_data --install-dir /home/roborregos/Desktop/VSSS/vsss_ws/install/vision
[3.939s] DEBUG:colcon.colcon_core.event_handler.log_command:Invoked command in '/home/roborregos/Desktop/VSSS/vsss_ws/build/vision' returned '1': PYTHONPATH=/home/roborregos/Desktop/VSSS/vsss_ws/install/vision/lib/python3.8/site-packages:${PYTHONPATH} /usr/bin/python3 setup.py develop --prefix /home/roborregos/Desktop/VSSS/vsss_ws/install/vision --editable --build-directory /home/roborregos/Desktop/VSSS/vsss_ws/build/vision/build --no-deps install_data --install-dir /home/roborregos/Desktop/VSSS/vsss_ws/install/vision
[4.691s] DEBUG:colcon.colcon_parallel_executor.executor.parallel:closing loop
[4.691s] DEBUG:colcon.colcon_parallel_executor.executor.parallel:loop closed
[4.691s] DEBUG:colcon.colcon_parallel_executor.executor.parallel:run_until_complete finished with '1'
[4.691s] DEBUG:colcon.colcon_core.event_reactor:joining thread
[4.703s] INFO:colcon.colcon_core.plugin_system:Skipping extension 'colcon_notification.desktop_notification.terminal_notifier': Not used on non-Darwin systems
[4.703s] INFO:colcon.colcon_core.plugin_system:Skipping extension 'colcon_notification.desktop_notification.win32': Not used on non-Windows systems
[4.703s] INFO:colcon.colcon_notification.desktop_notification:Sending desktop notification using 'notify2'
[4.718s] DEBUG:colcon.colcon_core.event_reactor:joined thread
[4.719s] INFO:colcon.colcon_core.shell:Creating prefix script '/home/roborregos/Desktop/VSSS/vsss_ws/install/local_setup.ps1'
[4.719s] INFO:colcon.colcon_core.shell:Creating prefix util module '/home/roborregos/Desktop/VSSS/vsss_ws/install/_local_setup_util_ps1.py'
[4.720s] INFO:colcon.colcon_core.shell:Creating prefix chain script '/home/roborregos/Desktop/VSSS/vsss_ws/install/setup.ps1'
[4.734s] INFO:colcon.colcon_core.shell:Creating prefix script '/home/roborregos/Desktop/VSSS/vsss_ws/install/local_setup.sh'
[4.734s] INFO:colcon.colcon_core.shell:Creating prefix util module '/home/roborregos/Desktop/VSSS/vsss_ws/install/_local_setup_util_sh.py'
[4.734s] INFO:colcon.colcon_core.shell:Creating prefix chain script '/home/roborregos/Desktop/VSSS/vsss_ws/install/setup.sh'
[4.750s] INFO:colcon.colcon_core.shell:Creating prefix script '/home/roborregos/Desktop/VSSS/vsss_ws/install/local_setup.bash'
[4.750s] INFO:colcon.colcon_core.shell:Creating prefix chain script '/home/roborregos/Desktop/VSSS/vsss_ws/install/setup.bash'
[4.763s] INFO:colcon.colcon_core.shell:Creating prefix script '/home/roborregos/Desktop/VSSS/vsss_ws/install/local_setup.zsh'
[4.763s] INFO:colcon.colcon_core.shell:Creating prefix chain script '/home/roborregos/Desktop/VSSS/vsss_ws/install/setup.zsh'
