running develop
Removing /home/roborregos/Desktop/VSSS/vsss_ws/install/vision/lib/python3.8/site-packages/vision.egg-link (link to .)
running egg_info
writing ../../build/vision/vision.egg-info/PKG-INFO
writing dependency_links to ../../build/vision/vision.egg-info/dependency_links.txt
writing entry points to ../../build/vision/vision.egg-info/entry_points.txt
writing requirements to ../../build/vision/vision.egg-info/requires.txt
writing top-level names to ../../build/vision/vision.egg-info/top_level.txt
reading manifest file '../../build/vision/vision.egg-info/SOURCES.txt'
writing manifest file '../../build/vision/vision.egg-info/SOURCES.txt'
running build
running build_py
creating /home/roborregos/Desktop/VSSS/vsss_ws/build/vision/build
creating /home/roborregos/Desktop/VSSS/vsss_ws/build/vision/build/lib
creating /home/roborregos/Desktop/VSSS/vsss_ws/build/vision/build/lib/vision
copying vision/__init__.py -> /home/roborregos/Desktop/VSSS/vsss_ws/build/vision/build/lib/vision
copying vision/subscriber.py -> /home/roborregos/Desktop/VSSS/vsss_ws/build/vision/build/lib/vision
copying vision/publisher.py -> /home/roborregos/Desktop/VSSS/vsss_ws/build/vision/build/lib/vision
running install
running install_lib
creating /home/roborregos/Desktop/VSSS/vsss_ws/install/vision/lib/python3.8/site-packages/vision
copying /home/roborregos/Desktop/VSSS/vsss_ws/build/vision/build/lib/vision/__init__.py -> /home/roborregos/Desktop/VSSS/vsss_ws/install/vision/lib/python3.8/site-packages/vision
copying /home/roborregos/Desktop/VSSS/vsss_ws/build/vision/build/lib/vision/subscriber.py -> /home/roborregos/Desktop/VSSS/vsss_ws/install/vision/lib/python3.8/site-packages/vision
copying /home/roborregos/Desktop/VSSS/vsss_ws/build/vision/build/lib/vision/publisher.py -> /home/roborregos/Desktop/VSSS/vsss_ws/install/vision/lib/python3.8/site-packages/vision
byte-compiling /home/roborregos/Desktop/VSSS/vsss_ws/install/vision/lib/python3.8/site-packages/vision/__init__.py to __init__.cpython-38.pyc
byte-compiling /home/roborregos/Desktop/VSSS/vsss_ws/install/vision/lib/python3.8/site-packages/vision/subscriber.py to subscriber.cpython-38.pyc
byte-compiling /home/roborregos/Desktop/VSSS/vsss_ws/install/vision/lib/python3.8/site-packages/vision/publisher.py to publisher.cpython-38.pyc
running install_data
copying resource/vision -> /home/roborregos/Desktop/VSSS/vsss_ws/install/vision/share/ament_index/resource_index/packages
running install_egg_info
Copying ../../build/vision/vision.egg-info to /home/roborregos/Desktop/VSSS/vsss_ws/install/vision/lib/python3.8/site-packages/vision-0.0.0-py3.8.egg-info
running install_scripts
Installing listener script to /home/roborregos/Desktop/VSSS/vsss_ws/install/vision/lib/vision
Installing talker script to /home/roborregos/Desktop/VSSS/vsss_ws/install/vision/lib/vision
writing list of installed files to '/home/roborregos/Desktop/VSSS/vsss_ws/build/vision/install.log'
