[0.676s] Invoking command in '/home/roborregos/Desktop/VSSS/vsss_ws/build/vision': PYTHONPATH=/home/roborregos/Desktop/VSSS/vsss_ws/install/vision/lib/python3.8/site-packages:${PYTHONPATH} /usr/bin/python3 setup.py develop --prefix /home/roborregos/Desktop/VSSS/vsss_ws/install/vision --uninstall --editable --build-directory /home/roborregos/Desktop/VSSS/vsss_ws/build/vision/build
[1.285s] running develop
[1.467s] Removing /home/roborregos/Desktop/VSSS/vsss_ws/install/vision/lib/python3.8/site-packages/vision.egg-link (link to .)
[1.486s] Invoked command in '/home/roborregos/Desktop/VSSS/vsss_ws/build/vision' returned '0': PYTHONPATH=/home/roborregos/Desktop/VSSS/vsss_ws/install/vision/lib/python3.8/site-packages:${PYTHONPATH} /usr/bin/python3 setup.py develop --prefix /home/roborregos/Desktop/VSSS/vsss_ws/install/vision --uninstall --editable --build-directory /home/roborregos/Desktop/VSSS/vsss_ws/build/vision/build
[1.487s] Invoking command in '/home/roborregos/Desktop/VSSS/vsss_ws/src/vision': PYTHONPATH=/home/roborregos/Desktop/VSSS/vsss_ws/install/vision/lib/python3.8/site-packages:${PYTHONPATH} /usr/bin/python3 setup.py egg_info --egg-base ../../build/vision build --build-base /home/roborregos/Desktop/VSSS/vsss_ws/build/vision/build install --prefix /home/roborregos/Desktop/VSSS/vsss_ws/install/vision --record /home/roborregos/Desktop/VSSS/vsss_ws/build/vision/install.log --single-version-externally-managed
[2.048s] running egg_info
[2.049s] writing ../../build/vision/vision.egg-info/PKG-INFO
[2.049s] writing dependency_links to ../../build/vision/vision.egg-info/dependency_links.txt
[2.049s] writing entry points to ../../build/vision/vision.egg-info/entry_points.txt
[2.049s] writing requirements to ../../build/vision/vision.egg-info/requires.txt
[2.049s] writing top-level names to ../../build/vision/vision.egg-info/top_level.txt
[2.087s] reading manifest file '../../build/vision/vision.egg-info/SOURCES.txt'
[2.088s] writing manifest file '../../build/vision/vision.egg-info/SOURCES.txt'
[2.088s] running build
[2.088s] running build_py
[2.088s] creating /home/roborregos/Desktop/VSSS/vsss_ws/build/vision/build
[2.089s] creating /home/roborregos/Desktop/VSSS/vsss_ws/build/vision/build/lib
[2.089s] creating /home/roborregos/Desktop/VSSS/vsss_ws/build/vision/build/lib/vision
[2.089s] copying vision/__init__.py -> /home/roborregos/Desktop/VSSS/vsss_ws/build/vision/build/lib/vision
[2.089s] copying vision/subscriber.py -> /home/roborregos/Desktop/VSSS/vsss_ws/build/vision/build/lib/vision
[2.089s] copying vision/publisher.py -> /home/roborregos/Desktop/VSSS/vsss_ws/build/vision/build/lib/vision
[2.089s] running install
[2.091s] running install_lib
[2.092s] creating /home/roborregos/Desktop/VSSS/vsss_ws/install/vision/lib/python3.8/site-packages/vision
[2.093s] copying /home/roborregos/Desktop/VSSS/vsss_ws/build/vision/build/lib/vision/__init__.py -> /home/roborregos/Desktop/VSSS/vsss_ws/install/vision/lib/python3.8/site-packages/vision
[2.093s] copying /home/roborregos/Desktop/VSSS/vsss_ws/build/vision/build/lib/vision/subscriber.py -> /home/roborregos/Desktop/VSSS/vsss_ws/install/vision/lib/python3.8/site-packages/vision
[2.093s] copying /home/roborregos/Desktop/VSSS/vsss_ws/build/vision/build/lib/vision/publisher.py -> /home/roborregos/Desktop/VSSS/vsss_ws/install/vision/lib/python3.8/site-packages/vision
[2.095s] byte-compiling /home/roborregos/Desktop/VSSS/vsss_ws/install/vision/lib/python3.8/site-packages/vision/__init__.py to __init__.cpython-38.pyc
[2.096s] byte-compiling /home/roborregos/Desktop/VSSS/vsss_ws/install/vision/lib/python3.8/site-packages/vision/subscriber.py to subscriber.cpython-38.pyc
[2.097s] byte-compiling /home/roborregos/Desktop/VSSS/vsss_ws/install/vision/lib/python3.8/site-packages/vision/publisher.py to publisher.cpython-38.pyc
[2.097s] running install_data
[2.097s] copying resource/vision -> /home/roborregos/Desktop/VSSS/vsss_ws/install/vision/share/ament_index/resource_index/packages
[2.098s] running install_egg_info
[2.101s] Copying ../../build/vision/vision.egg-info to /home/roborregos/Desktop/VSSS/vsss_ws/install/vision/lib/python3.8/site-packages/vision-0.0.0-py3.8.egg-info
[2.102s] running install_scripts
[2.129s] Installing listener script to /home/roborregos/Desktop/VSSS/vsss_ws/install/vision/lib/vision
[2.129s] Installing talker script to /home/roborregos/Desktop/VSSS/vsss_ws/install/vision/lib/vision
[2.129s] writing list of installed files to '/home/roborregos/Desktop/VSSS/vsss_ws/build/vision/install.log'
[2.149s] Invoked command in '/home/roborregos/Desktop/VSSS/vsss_ws/src/vision' returned '0': PYTHONPATH=/home/roborregos/Desktop/VSSS/vsss_ws/install/vision/lib/python3.8/site-packages:${PYTHONPATH} /usr/bin/python3 setup.py egg_info --egg-base ../../build/vision build --build-base /home/roborregos/Desktop/VSSS/vsss_ws/build/vision/build install --prefix /home/roborregos/Desktop/VSSS/vsss_ws/install/vision --record /home/roborregos/Desktop/VSSS/vsss_ws/build/vision/install.log --single-version-externally-managed
