-- The C compiler identification is GNU 9.3.0
-- The CXX compiler identification is GNU 9.3.0
-- Check for working C compiler: /usr/bin/cc
-- Check for working C compiler: /usr/bin/cc -- works
-- Detecting C compiler ABI info
-- Detecting C compiler ABI info - done
-- Detecting C compile features
-- Detecting C compile features - done
-- Check for working CXX compiler: /usr/bin/c++
-- Check for working CXX compiler: /usr/bin/c++ -- works
-- Detecting CXX compiler ABI info
-- Detecting CXX compiler ABI info - done
-- Detecting CXX compile features
-- Detecting CXX compile features - done
-- Found ament_cmake: 0.9.8 (/home/roborregos/ros2_foxy/install/ament_cmake/share/ament_cmake/cmake)
-- Found PythonInterp: /usr/bin/python3 (found suitable version "3.8.5", minimum required is "3") 
-- Using PYTHON_EXECUTABLE: /usr/bin/python3
-- Override CMake install command with custom implementation using symlinks instead of copying resources
-- Found ament_lint_auto: 0.9.6 (/home/roborregos/ros2_foxy/install/ament_lint_auto/share/ament_lint_auto/cmake)
-- Added test 'copyright' to check source files copyright and LICENSE
-- Added test 'cppcheck' to perform static code analysis on C / C++ code
-- Configured cppcheck include dirs: 
-- Configured cppcheck exclude dirs and/or files: 
-- Added test 'cpplint' to check C / C++ code against the Google style
-- Configured cpplint exclude dirs and/or files: 
-- Added test 'flake8' to check Python code syntax and style conventions
-- Added test 'lint_cmake' to check CMake code style
-- Added test 'pep257' to check Python code against some of the style conventions in PEP 257
-- Added test 'uncrustify' to check C / C++ code style
-- Configured uncrustify additional arguments: 
-- Added test 'xmllint' to check XML markup files
-- Configuring done
-- Generating done
-- Build files have been written to: /home/roborregos/Desktop/VSSS/vsss_ws/build/vision
-- Install configuration: ""
-- Execute custom install script
-- Symlinking: /home/roborregos/Desktop/VSSS/vsss_ws/install/vision/share/ament_index/resource_index/package_run_dependencies/vision
-- Symlinking: /home/roborregos/Desktop/VSSS/vsss_ws/install/vision/share/ament_index/resource_index/parent_prefix_path/vision
-- Symlinking: /home/roborregos/Desktop/VSSS/vsss_ws/install/vision/share/vision/environment/ament_prefix_path.sh
-- Symlinking: /home/roborregos/Desktop/VSSS/vsss_ws/install/vision/share/vision/environment/ament_prefix_path.dsv
-- Symlinking: /home/roborregos/Desktop/VSSS/vsss_ws/install/vision/share/vision/environment/path.sh
-- Symlinking: /home/roborregos/Desktop/VSSS/vsss_ws/install/vision/share/vision/environment/path.dsv
-- Symlinking: /home/roborregos/Desktop/VSSS/vsss_ws/install/vision/share/vision/local_setup.bash
-- Symlinking: /home/roborregos/Desktop/VSSS/vsss_ws/install/vision/share/vision/local_setup.sh
-- Symlinking: /home/roborregos/Desktop/VSSS/vsss_ws/install/vision/share/vision/local_setup.zsh
-- Symlinking: /home/roborregos/Desktop/VSSS/vsss_ws/install/vision/share/vision/local_setup.dsv
-- Symlinking: /home/roborregos/Desktop/VSSS/vsss_ws/install/vision/share/vision/package.dsv
-- Symlinking: /home/roborregos/Desktop/VSSS/vsss_ws/install/vision/share/ament_index/resource_index/packages/vision
-- Symlinking: /home/roborregos/Desktop/VSSS/vsss_ws/install/vision/share/vision/cmake/visionConfig.cmake
-- Symlinking: /home/roborregos/Desktop/VSSS/vsss_ws/install/vision/share/vision/cmake/visionConfig-version.cmake
-- Symlinking: /home/roborregos/Desktop/VSSS/vsss_ws/install/vision/share/vision/package.xml
