running develop
running egg_info
creating vision.egg-info
writing vision.egg-info/PKG-INFO
writing dependency_links to vision.egg-info/dependency_links.txt
writing entry points to vision.egg-info/entry_points.txt
writing requirements to vision.egg-info/requires.txt
writing top-level names to vision.egg-info/top_level.txt
writing manifest file 'vision.egg-info/SOURCES.txt'
reading manifest file 'vision.egg-info/SOURCES.txt'
writing manifest file 'vision.egg-info/SOURCES.txt'
running build_ext
Creating /home/roborregos/Desktop/VSSS/vsss_ws/install/vision/lib/python3.8/site-packages/site.py
Creating /home/roborregos/Desktop/VSSS/vsss_ws/install/vision/lib/python3.8/site-packages/vision.egg-link (link to .)
Installing listener script to /home/roborregos/Desktop/VSSS/vsss_ws/install/vision/lib/vision
Installing talker script to /home/roborregos/Desktop/VSSS/vsss_ws/install/vision/lib/vision

Installed /home/roborregos/Desktop/VSSS/vsss_ws/build/vision
running install_data
creating /home/roborregos/Desktop/VSSS/vsss_ws/install/vision/share/ament_index
creating /home/roborregos/Desktop/VSSS/vsss_ws/install/vision/share/ament_index/resource_index
creating /home/roborregos/Desktop/VSSS/vsss_ws/install/vision/share/ament_index/resource_index/packages
