[1.546s] Invoking command in '/home/roborregos/Desktop/VSSS/vsss_ws/build/vision': PYTHONPATH=/home/roborregos/Desktop/VSSS/vsss_ws/install/vision/lib/python3.8/site-packages:${PYTHONPATH} /usr/bin/python3 setup.py develop --prefix /home/roborregos/Desktop/VSSS/vsss_ws/install/vision --editable --build-directory /home/roborregos/Desktop/VSSS/vsss_ws/build/vision/build --no-deps install_data --install-dir /home/roborregos/Desktop/VSSS/vsss_ws/install/vision
[3.058s] running develop
[3.355s] running egg_info
[3.356s] creating vision.egg-info
[3.356s] writing vision.egg-info/PKG-INFO
[3.356s] writing dependency_links to vision.egg-info/dependency_links.txt
[3.356s] writing entry points to vision.egg-info/entry_points.txt
[3.357s] writing requirements to vision.egg-info/requires.txt
[3.357s] writing top-level names to vision.egg-info/top_level.txt
[3.363s] writing manifest file 'vision.egg-info/SOURCES.txt'
[3.439s] reading manifest file 'vision.egg-info/SOURCES.txt'
[3.440s] writing manifest file 'vision.egg-info/SOURCES.txt'
[3.451s] running build_ext
[3.451s] Creating /home/roborregos/Desktop/VSSS/vsss_ws/install/vision/lib/python3.8/site-packages/site.py
[3.459s] Creating /home/roborregos/Desktop/VSSS/vsss_ws/install/vision/lib/python3.8/site-packages/vision.egg-link (link to .)
[3.461s] Installing listener script to /home/roborregos/Desktop/VSSS/vsss_ws/install/vision/lib/vision
[3.461s] Installing talker script to /home/roborregos/Desktop/VSSS/vsss_ws/install/vision/lib/vision
[3.461s] 
[3.462s] Installed /home/roborregos/Desktop/VSSS/vsss_ws/build/vision
[3.462s] running install_data
[3.462s] creating /home/roborregos/Desktop/VSSS/vsss_ws/install/vision/share/ament_index
[3.462s] creating /home/roborregos/Desktop/VSSS/vsss_ws/install/vision/share/ament_index/resource_index
[3.463s] creating /home/roborregos/Desktop/VSSS/vsss_ws/install/vision/share/ament_index/resource_index/packages
[3.463s] error: can't copy 'resource/vision': doesn't exist or not a regular file
[3.505s] Invoked command in '/home/roborregos/Desktop/VSSS/vsss_ws/build/vision' returned '1': PYTHONPATH=/home/roborregos/Desktop/VSSS/vsss_ws/install/vision/lib/python3.8/site-packages:${PYTHONPATH} /usr/bin/python3 setup.py develop --prefix /home/roborregos/Desktop/VSSS/vsss_ws/install/vision --editable --build-directory /home/roborregos/Desktop/VSSS/vsss_ws/build/vision/build --no-deps install_data --install-dir /home/roborregos/Desktop/VSSS/vsss_ws/install/vision
